2025-04-08 11:15:04,329 [INFO] Activator:176 - 


2025-04-08 11:15:04,330 [INFO] Activator:177 - !SESSION log4j initialized
2025-04-08 11:15:06,843 [INFO] LogOutputStream:77 - [STDOUT_REDIRECT] 
2025-04-08 11:15:09,323 [INFO] ApplicationProperties:184 - Using Application install path: C:\ST\STM32CubeIDE_1.17.0\STM32CubeIDE\plugins\com.st.stm32cube.common.mx_6.13.0.202411220809
2025-04-08 11:15:09,338 [INFO] DbMcusXml:78 - Set database path to: C:\ST\STM32CubeIDE_1.17.0\STM32CubeIDE\plugins\com.st.stm32cube.common.mx_6.13.0.202411220809\\db\/mcu/
2025-04-08 11:15:09,338 [INFO] ApiDb:274 - Set plugin database path to: C:\ST\STM32CubeIDE_1.17.0\STM32CubeIDE\plugins\com.st.stm32cube.common.mx_6.13.0.202411220809\\db\/plugins/boardmanager/
2025-04-08 11:15:09,339 [WARN] ApiDb:259 - Overriding images path with different value:  => C:\ST\STM32CubeIDE_1.17.0\STM32CubeIDE\plugins\com.st.stm32cube.common.mx_6.13.0.202411220809\\db\/plugins/mcufinder/images/
2025-04-08 11:15:09,345 [INFO] ApiDb:250 - Set database path to: C:\Users\DELL\.stmcufinder\plugins\mcufinder//mcu/
2025-04-08 11:15:09,346 [INFO] DbMcusAds:125 - Set database path to: C:\Users\DELL\.stmcufinder\plugins\mcufinder//mcu/
2025-04-08 11:15:10,232 [INFO] CrossReferenceDbSqlite:203 - Set database path to: C:\Users\DELL\.stmcufinder\plugins\mcufinder//mcu/cs/
2025-04-08 11:15:10,322 [INFO] RulesReader:64 - Compatibility file has been processed (297 Rules)
2025-04-08 11:15:10,403 [INFO] DbMcusXml:78 - Set database path to: C:\ST\STM32CubeIDE_1.17.0\STM32CubeIDE\plugins\com.st.stm32cube.common.mx_6.13.0.202411220809\\db\/mcu/
2025-04-08 11:15:10,403 [INFO] ApiDb:274 - Set plugin database path to: C:\ST\STM32CubeIDE_1.17.0\STM32CubeIDE\plugins\com.st.stm32cube.common.mx_6.13.0.202411220809\\db\/plugins/boardmanager/
2025-04-08 11:15:10,403 [INFO] ApiDb:261 - Set plugin images path to: C:\ST\STM32CubeIDE_1.17.0\STM32CubeIDE\plugins\com.st.stm32cube.common.mx_6.13.0.202411220809\\db\/plugins/mcufinder/images/
2025-04-08 11:15:10,403 [WARN] DbFile:41 - Overriding database path with different value: C:\Users\DELL\.stmcufinder\plugins\mcufinder/ => C:\Users\DELL\.stmcufinder\plugins\mcufinder
2025-04-08 11:15:10,403 [INFO] ApiDb:250 - Set database path to: C:\Users\DELL\.stmcufinder\plugins\mcufinder//mcu/
2025-04-08 11:15:10,403 [WARN] DbFile:41 - Overriding database path with different value: C:\Users\DELL\.stmcufinder\plugins\mcufinder/ => C:\Users\DELL\.stmcufinder\plugins\mcufinder
2025-04-08 11:15:10,403 [INFO] DbMcusAds:125 - Set database path to: C:\Users\DELL\.stmcufinder\plugins\mcufinder//mcu/
2025-04-08 11:15:10,403 [WARN] DbFile:41 - Overriding database path with different value: C:\Users\DELL\.stmcufinder\plugins\mcufinder/ => C:\Users\DELL\.stmcufinder\plugins\mcufinder
2025-04-08 11:15:10,404 [WARN] DbFile:41 - Overriding database path with different value: C:\Users\DELL\.stmcufinder\plugins\mcufinder/ => C:\Users\DELL\.stmcufinder\plugins\mcufinder
2025-04-08 11:15:11,232 [INFO] CrossReferenceDbSqlite:203 - Set database path to: C:\Users\DELL\.stmcufinder\plugins\mcufinder//mcu/cs/
2025-04-08 11:15:11,295 [INFO] MainPanel:272 - HeapMemory: 268435456
2025-04-08 11:15:11,371 [INFO] DbMcusXml:78 - Set database path to: C:\ST\STM32CubeIDE_1.17.0\STM32CubeIDE\plugins\com.st.stm32cube.common.mx_6.13.0.202411220809\\db\/mcu/
2025-04-08 11:15:11,371 [INFO] ApiDb:274 - Set plugin database path to: C:\ST\STM32CubeIDE_1.17.0\STM32CubeIDE\plugins\com.st.stm32cube.common.mx_6.13.0.202411220809\\db\/plugins/boardmanager/
2025-04-08 11:15:11,371 [INFO] ApiDb:261 - Set plugin images path to: C:\ST\STM32CubeIDE_1.17.0\STM32CubeIDE\plugins\com.st.stm32cube.common.mx_6.13.0.202411220809\\db\/plugins/mcufinder/images/
2025-04-08 11:15:11,372 [WARN] DbFile:41 - Overriding database path with different value: C:\Users\DELL\.stmcufinder\plugins\mcufinder/ => C:\Users\DELL\.stmcufinder\plugins\mcufinder
2025-04-08 11:15:11,372 [INFO] ApiDb:250 - Set database path to: C:\Users\DELL\.stmcufinder\plugins\mcufinder//mcu/
2025-04-08 11:15:11,372 [WARN] DbFile:41 - Overriding database path with different value: C:\Users\DELL\.stmcufinder\plugins\mcufinder/ => C:\Users\DELL\.stmcufinder\plugins\mcufinder
2025-04-08 11:15:11,372 [INFO] DbMcusAds:125 - Set database path to: C:\Users\DELL\.stmcufinder\plugins\mcufinder//mcu/
2025-04-08 11:15:11,372 [WARN] DbFile:41 - Overriding database path with different value: C:\Users\DELL\.stmcufinder\plugins\mcufinder/ => C:\Users\DELL\.stmcufinder\plugins\mcufinder
2025-04-08 11:15:11,372 [WARN] DbFile:41 - Overriding database path with different value: C:\Users\DELL\.stmcufinder\plugins\mcufinder/ => C:\Users\DELL\.stmcufinder\plugins\mcufinder
2025-04-08 11:15:12,232 [INFO] CrossReferenceDbSqlite:203 - Set database path to: C:\Users\DELL\.stmcufinder\plugins\mcufinder//mcu/cs/
2025-04-08 11:15:12,248 [INFO] ApplicationProperties:184 - Using Application install path: C:\ST\STM32CubeIDE_1.17.0\STM32CubeIDE\plugins\com.st.stm32cube.common.mx_6.13.0.202411220809
2025-04-08 11:15:12,250 [INFO] PluginManage:196 - Search for loadable plugins [exclusion list=, ]
2025-04-08 11:15:12,250 [INFO] PluginManage:310 - Check plugin analytics
2025-04-08 11:15:13,304 [INFO] AnalyticsPlugin:253 - Accepted Software Licenses: STM32CubeMX.6.13.0
2025-04-08 11:15:13,304 [INFO] AnalyticsPlugin:255 - Accepted CMSIS Pack Licenses: 
2025-04-08 11:15:13,305 [INFO] AnalyticsPlugin:257 - Accepted Firmware Licenses: 
2025-04-08 11:15:13,306 [INFO] PluginManage:359 - Loaded plugin analytics (category:tool,tabindex:-1)
2025-04-08 11:15:13,307 [INFO] PluginManage:310 - Check plugin cadmodel
2025-04-08 11:15:13,311 [INFO] CADModel:105 - Init CAD model plugin
2025-04-08 11:15:13,311 [INFO] PluginManage:359 - Loaded plugin cadmodel (category:power,tabindex:5)
2025-04-08 11:15:13,311 [INFO] PluginManage:310 - Check plugin clock
2025-04-08 11:15:13,318 [INFO] PluginManage:359 - Loaded plugin clock (category:base,tabindex:2)
2025-04-08 11:15:13,318 [INFO] PluginManage:310 - Check plugin ddr
2025-04-08 11:15:13,321 [INFO] PluginManage:359 - Loaded plugin ddr (category:tool,tabindex:6)
2025-04-08 11:15:13,321 [INFO] PluginManage:310 - Check plugin filemanager
2025-04-08 11:15:13,503 [INFO] PluginManage:359 - Loaded plugin filemanager (category:base,tabindex:10)
2025-04-08 11:15:13,504 [INFO] PluginManage:310 - Check plugin ipmanager
2025-04-08 11:15:13,511 [INFO] PluginManage:359 - Loaded plugin ipmanager (category:base,tabindex:5)
2025-04-08 11:15:13,511 [INFO] PluginManage:310 - Check plugin lpbam
2025-04-08 11:15:13,518 [INFO] PluginManage:359 - Loaded plugin lpbam (category:base,tabindex:0)
2025-04-08 11:15:13,518 [INFO] PluginManage:310 - Check plugin memorymap
2025-04-08 11:15:13,529 [INFO] PluginManage:359 - Loaded plugin memorymap (category:base,tabindex:4)
2025-04-08 11:15:13,529 [INFO] PluginManage:310 - Check plugin pinoutandconfiguration
2025-04-08 11:15:13,548 [INFO] PluginManage:359 - Loaded plugin pinoutandconfiguration (category:base,tabindex:1)
2025-04-08 11:15:13,549 [INFO] PluginManage:310 - Check plugin pinoutconfig
2025-04-08 11:15:13,628 [WARN] SupportedApi:132 - Cannot load RTOS API schema: s4s-elt-must-match.1: The content of 'definitions' must match (annotation?, (simpleType | complexType)?, (unique | key | keyref)*)). A problem was found starting at: attribute.
2025-04-08 11:15:13,742 [INFO] PluginManage:359 - Loaded plugin pinoutconfig (category:base,tabindex:0)
2025-04-08 11:15:13,742 [INFO] PluginManage:310 - Check plugin power
2025-04-08 11:15:13,749 [INFO] PluginManage:359 - Loaded plugin power (category:power,tabindex:4)
2025-04-08 11:15:13,749 [INFO] PluginManage:310 - Check plugin projectmanager
2025-04-08 11:15:13,764 [INFO] PluginManage:359 - Loaded plugin projectmanager (category:projectmanager,tabindex:4)
2025-04-08 11:15:13,764 [INFO] PluginManage:310 - Check plugin rif
2025-04-08 11:15:13,769 [INFO] PluginManage:359 - Loaded plugin rif (category:base,tabindex:3)
2025-04-08 11:15:13,769 [INFO] PluginManage:310 - Check plugin thirdparty
2025-04-08 11:15:13,887 [INFO] PluginManage:359 - Loaded plugin thirdparty (category:base,tabindex:-1)
2025-04-08 11:15:13,887 [WARN] IntegrityCheckThread:84 - waiting for thirdparty lock release [integrity check]
2025-04-08 11:15:13,887 [INFO] PluginManage:310 - Check plugin tools
2025-04-08 11:15:13,887 [INFO] IntegrityCheckThread:86 - entering critical section [integrity check]
2025-04-08 11:15:13,888 [INFO] ThirdPartyUpdaterWithRetryManager:70 - Updater plugin not ready yet. [1/15]
2025-04-08 11:15:13,891 [INFO] PluginManage:359 - Loaded plugin tools (category:base,tabindex:7)
2025-04-08 11:15:13,891 [INFO] PluginManage:310 - Check plugin tutovideos
2025-04-08 11:15:14,026 [INFO] PluginManage:359 - Loaded plugin tutovideos (category:base,tabindex:-1)
2025-04-08 11:15:14,026 [INFO] PluginManage:310 - Check plugin updater
2025-04-08 11:15:14,046 [INFO] PluginManage:359 - Loaded plugin updater (category:base,tabindex:12)
2025-04-08 11:15:14,047 [INFO] PluginManage:310 - Check plugin userauth
2025-04-08 11:15:14,049 [INFO] UserAuth:118 - Init User Auth plugin
2025-04-08 11:15:14,050 [INFO] PluginManage:359 - Loaded plugin userauth (category:base,tabindex:14)
2025-04-08 11:15:14,051 [INFO] PluginManage:283 - PluginManage : Loaded plugins [18]
2025-04-08 11:15:14,246 [INFO] PinOutPanel:1589 - setPackage(No Configuration,No Configuration)
2025-04-08 11:15:14,324 [INFO] CADModel:165 - CPN selected for project level
2025-04-08 11:15:14,325 [INFO] CADModel:114 - Register for checkConnection events
2025-04-08 11:15:14,338 [INFO] IPUIPlugin:80 - create IPUIPlugin
2025-04-08 11:15:14,338 [INFO] PluginManager:220 - loadIPPluginJar : add adc
2025-04-08 11:15:14,340 [INFO] IPUIPlugin:80 - create IPUIPlugin
2025-04-08 11:15:14,340 [INFO] PluginManager:220 - loadIPPluginJar : add aes
2025-04-08 11:15:14,343 [INFO] IPUIPlugin:80 - create IPUIPlugin
2025-04-08 11:15:14,343 [INFO] PluginManager:220 - loadIPPluginJar : add can
2025-04-08 11:15:14,345 [INFO] IPUIPlugin:80 - create IPUIPlugin
2025-04-08 11:15:14,346 [INFO] PluginManager:220 - loadIPPluginJar : add comp
2025-04-08 11:15:14,348 [INFO] IPUIPlugin:80 - create IPUIPlugin
2025-04-08 11:15:14,348 [INFO] PluginManager:220 - loadIPPluginJar : add cryp
2025-04-08 11:15:14,350 [INFO] IPUIPlugin:80 - create IPUIPlugin
2025-04-08 11:15:14,350 [INFO] PluginManager:220 - loadIPPluginJar : add ddr_ctrl_phy
2025-04-08 11:15:14,352 [INFO] IPUIPlugin:80 - create IPUIPlugin
2025-04-08 11:15:14,352 [INFO] PluginManager:220 - loadIPPluginJar : add dfsdm
2025-04-08 11:15:14,356 [INFO] IPUIPlugin:80 - create IPUIPlugin
2025-04-08 11:15:14,356 [INFO] PluginManager:220 - loadIPPluginJar : add dma
2025-04-08 11:15:14,358 [INFO] IPUIPlugin:80 - create IPUIPlugin
2025-04-08 11:15:14,359 [INFO] PluginManager:220 - loadIPPluginJar : add dma3
2025-04-08 11:15:14,361 [INFO] IPUIPlugin:80 - create IPUIPlugin
2025-04-08 11:15:14,361 [INFO] PluginManager:220 - loadIPPluginJar : add extmemmanager
2025-04-08 11:15:14,362 [INFO] IPUIPlugin:80 - create IPUIPlugin
2025-04-08 11:15:14,363 [INFO] PluginManager:220 - loadIPPluginJar : add fatfs
2025-04-08 11:15:14,366 [INFO] IPUIPlugin:80 - create IPUIPlugin
2025-04-08 11:15:14,366 [INFO] PluginManager:220 - loadIPPluginJar : add fmc
2025-04-08 11:15:14,369 [INFO] IPUIPlugin:80 - create IPUIPlugin
2025-04-08 11:15:14,370 [INFO] PluginManager:220 - loadIPPluginJar : add freertos
2025-04-08 11:15:14,371 [INFO] IPUIPlugin:80 - create IPUIPlugin
2025-04-08 11:15:14,371 [INFO] PluginManager:220 - loadIPPluginJar : add genericplugin
2025-04-08 11:15:14,372 [INFO] IPUIPlugin:80 - create IPUIPlugin
2025-04-08 11:15:14,372 [INFO] PluginManager:220 - loadIPPluginJar : add gfxmmu
2025-04-08 11:15:14,376 [INFO] IPUIPlugin:80 - create IPUIPlugin
2025-04-08 11:15:14,376 [INFO] PluginManager:220 - loadIPPluginJar : add gic
2025-04-08 11:15:14,380 [INFO] IPUIPlugin:80 - create IPUIPlugin
2025-04-08 11:15:14,380 [INFO] PluginManager:220 - loadIPPluginJar : add gpio
2025-04-08 11:15:14,382 [INFO] IPUIPlugin:80 - create IPUIPlugin
2025-04-08 11:15:14,382 [INFO] PluginManager:220 - loadIPPluginJar : add gtzc
2025-04-08 11:15:14,384 [INFO] IPUIPlugin:80 - create IPUIPlugin
2025-04-08 11:15:14,384 [INFO] PluginManager:220 - loadIPPluginJar : add hash
2025-04-08 11:15:14,386 [INFO] IPUIPlugin:80 - create IPUIPlugin
2025-04-08 11:15:14,387 [INFO] PluginManager:220 - loadIPPluginJar : add i2c
2025-04-08 11:15:14,388 [INFO] IPUIPlugin:80 - create IPUIPlugin
2025-04-08 11:15:14,388 [INFO] PluginManager:220 - loadIPPluginJar : add i2s
2025-04-08 11:15:14,390 [INFO] IPUIPlugin:80 - create IPUIPlugin
2025-04-08 11:15:14,391 [INFO] PluginManager:220 - loadIPPluginJar : add i3c
2025-04-08 11:15:14,393 [INFO] IPUIPlugin:80 - create IPUIPlugin
2025-04-08 11:15:14,393 [INFO] PluginManager:220 - loadIPPluginJar : add ipddr
2025-04-08 11:15:14,398 [INFO] IPUIPlugin:80 - create IPUIPlugin
2025-04-08 11:15:14,398 [INFO] PluginManager:220 - loadIPPluginJar : add linkedlist
2025-04-08 11:15:14,400 [INFO] IPUIPlugin:80 - create IPUIPlugin
2025-04-08 11:15:14,400 [INFO] PluginManager:220 - loadIPPluginJar : add lorawan
2025-04-08 11:15:14,401 [INFO] IPUIPlugin:80 - create IPUIPlugin
2025-04-08 11:15:14,401 [INFO] PluginManager:220 - loadIPPluginJar : add ltdc
2025-04-08 11:15:14,405 [INFO] IPUIPlugin:80 - create IPUIPlugin
2025-04-08 11:15:14,405 [INFO] PluginManager:220 - loadIPPluginJar : add mdma
2025-04-08 11:15:14,409 [INFO] IPUIPlugin:80 - create IPUIPlugin
2025-04-08 11:15:14,409 [INFO] PluginManager:220 - loadIPPluginJar : add nvic
2025-04-08 11:15:14,411 [INFO] IPUIPlugin:80 - create IPUIPlugin
2025-04-08 11:15:14,412 [INFO] PluginManager:220 - loadIPPluginJar : add opamp
2025-04-08 11:15:14,414 [INFO] IPUIPlugin:80 - create IPUIPlugin
2025-04-08 11:15:14,414 [INFO] PluginManager:220 - loadIPPluginJar : add openamp
2025-04-08 11:15:14,417 [INFO] IPUIPlugin:80 - create IPUIPlugin
2025-04-08 11:15:14,417 [INFO] PluginManager:220 - loadIPPluginJar : add pdm2pcm
2025-04-08 11:15:14,421 [INFO] IPUIPlugin:80 - create IPUIPlugin
2025-04-08 11:15:14,423 [INFO] PluginManager:220 - loadIPPluginJar : add plateformsettings
2025-04-08 11:15:14,424 [INFO] IPUIPlugin:80 - create IPUIPlugin
2025-04-08 11:15:14,425 [INFO] PluginManager:220 - loadIPPluginJar : add quadspi
2025-04-08 11:15:14,426 [INFO] IPUIPlugin:80 - create IPUIPlugin
2025-04-08 11:15:14,427 [INFO] PluginManager:220 - loadIPPluginJar : add radio
2025-04-08 11:15:14,429 [INFO] IPUIPlugin:80 - create IPUIPlugin
2025-04-08 11:15:14,429 [INFO] PluginManager:220 - loadIPPluginJar : add resmgrutility
2025-04-08 11:15:14,434 [INFO] IPUIPlugin:80 - create IPUIPlugin
2025-04-08 11:15:14,434 [INFO] PluginManager:220 - loadIPPluginJar : add sai
2025-04-08 11:15:14,436 [INFO] IPUIPlugin:80 - create IPUIPlugin
2025-04-08 11:15:14,436 [INFO] PluginManager:220 - loadIPPluginJar : add spi
2025-04-08 11:15:14,440 [INFO] IPUIPlugin:80 - create IPUIPlugin
2025-04-08 11:15:14,440 [INFO] PluginManager:220 - loadIPPluginJar : add stm32_wpan
2025-04-08 11:15:14,443 [INFO] IPUIPlugin:80 - create IPUIPlugin
2025-04-08 11:15:14,443 [INFO] PluginManager:220 - loadIPPluginJar : add tim
2025-04-08 11:15:14,446 [INFO] IPUIPlugin:80 - create IPUIPlugin
2025-04-08 11:15:14,446 [INFO] PluginManager:220 - loadIPPluginJar : add touchsensing
2025-04-08 11:15:14,447 [INFO] IPUIPlugin:80 - create IPUIPlugin
2025-04-08 11:15:14,447 [INFO] PluginManager:220 - loadIPPluginJar : add tracer_emb
2025-04-08 11:15:14,449 [INFO] IPUIPlugin:80 - create IPUIPlugin
2025-04-08 11:15:14,449 [INFO] PluginManager:220 - loadIPPluginJar : add ts
2025-04-08 11:15:14,451 [INFO] IPUIPlugin:80 - create IPUIPlugin
2025-04-08 11:15:14,451 [INFO] PluginManager:220 - loadIPPluginJar : add tsc
2025-04-08 11:15:14,453 [INFO] IPUIPlugin:80 - create IPUIPlugin
2025-04-08 11:15:14,453 [INFO] PluginManager:220 - loadIPPluginJar : add ucpd
2025-04-08 11:15:14,455 [INFO] IPUIPlugin:80 - create IPUIPlugin
2025-04-08 11:15:14,455 [INFO] PluginManager:220 - loadIPPluginJar : add usart
2025-04-08 11:15:14,458 [INFO] IPUIPlugin:80 - create IPUIPlugin
2025-04-08 11:15:14,458 [INFO] PluginManager:220 - loadIPPluginJar : add usbx
2025-04-08 11:15:14,583 [FATAL] Updater:351 - Updater called before beeing initialized
2025-04-08 11:15:14,603 [INFO] RulesReader:64 - Compatibility file has been processed (297 Rules)
2025-04-08 11:15:14,612 [INFO] RulesReader:64 - Compatibility file has been processed (297 Rules)
2025-04-08 11:15:14,620 [INFO] CADModel:165 - CPN selected for project level
2025-04-08 11:15:14,620 [INFO] CADModel:114 - Register for checkConnection events
2025-04-08 11:15:14,620 [FATAL] Updater:351 - Updater called before beeing initialized
2025-04-08 11:15:14,620 [ERROR] CADModel:125 - Updater not yet initialized, retry later 
2025-04-08 11:15:14,775 [FATAL] Updater:351 - Updater called before beeing initialized
2025-04-08 11:15:14,777 [INFO] CADModel:165 - CPN selected for project level
2025-04-08 11:15:14,777 [INFO] CADModel:114 - Register for checkConnection events
2025-04-08 11:15:14,777 [FATAL] Updater:351 - Updater called before beeing initialized
2025-04-08 11:15:14,777 [ERROR] CADModel:125 - Updater not yet initialized, retry later 
2025-04-08 11:15:14,781 [FATAL] Updater:351 - Updater called before beeing initialized
2025-04-08 11:15:14,913 [FATAL] Updater:351 - Updater called before beeing initialized
2025-04-08 11:15:14,918 [INFO] DbMcusAds:53 - JSON generation date=Thu Mar 06 21:54:22 ICT 2025 (1741272862078)
2025-04-08 11:15:14,918 [FATAL] Updater:351 - Updater called before beeing initialized
2025-04-08 11:15:14,962 [WARN] DetailPanel:346 - Failed to get advertising image, set to default
2025-04-08 11:15:15,303 [FATAL] Updater:351 - Updater called before beeing initialized
2025-04-08 11:15:15,305 [FATAL] Updater:351 - Updater called before beeing initialized
2025-04-08 11:15:15,305 [FATAL] Updater:351 - Updater called before beeing initialized
2025-04-08 11:15:15,305 [WARN] DetailPanel:346 - Failed to get advertising image, set to default
2025-04-08 11:15:15,306 [FATAL] Updater:351 - Updater called before beeing initialized
2025-04-08 11:15:15,378 [ERROR] Updater:1198 - MainUpdater not yet initialized. External WinMGr cannot be set.
2025-04-08 11:15:15,380 [INFO] Updater:1134 - Updater Version found : 6.13.0
2025-04-08 11:15:15,400 [INFO] ApplicationProperties:184 - Using Application install path: C:\ST\STM32CubeIDE_1.17.0\STM32CubeIDE\plugins\com.st.stm32cube.common.mx_6.13.0.202411220809
2025-04-08 11:15:16,889 [INFO] ThirdPartyUpdaterWithRetryManager:70 - Updater plugin not ready yet. [2/15]
2025-04-08 11:15:16,975 [ERROR] LogOutputStream:75 - [STDERR_REDIRECT] Apr 08, 2025 11:15:16 AM java.util.prefs.WindowsPreferences <init>
2025-04-08 11:15:16,977 [ERROR] LogOutputStream:75 - [STDERR_REDIRECT] WARNING: Could not open/create prefs root node Software\JavaSoft\Prefs at root 0xffffffff80000002. Windows RegCreateKeyEx(...) returned error code 5.
2025-04-08 11:15:16,977 [ERROR] LogOutputStream:75 - [STDERR_REDIRECT] 
2025-04-08 11:15:17,467 [INFO] MainUpdater:2872 - connection check result : 10
2025-04-08 11:15:17,468 [INFO] MainUpdater:289 - Updater Check For Update Now.
2025-04-08 11:15:17,469 [INFO] MicroXplorer:498 - Change Database Version : DB.6.0.130
2025-04-08 11:15:17,477 [INFO] McuFinderGlobals:63 - Set McuFinder mode to 2 (CubeIDE integrated)
2025-04-08 11:15:17,478 [INFO] UserAuth:486 - Internet connection configuration mode: 1
2025-04-08 11:15:17,503 [INFO] JxBrowserEngine:152 - Initiate JxBrowser Engine with user profile folder
2025-04-08 11:15:17,756 [INFO] CheckServerUpdateThread:120 - End of CheckServer Thread
2025-04-08 11:15:18,681 [INFO] WebApp:168 - Instantiating new browser for Auth
2025-04-08 11:15:19,944 [INFO] WebApp:449 - Apply proxy settings
2025-04-08 11:15:19,944 [INFO] WebApp:534 - Chromium requires no authentication
2025-04-08 11:15:19,964 [INFO] WebApp:477 - Direct internet connection detected
2025-04-08 11:15:20,029 [INFO] WebApp:880 - Register for checkConnection events
2025-04-08 11:15:20,030 [INFO] WebApp:449 - Apply proxy settings
2025-04-08 11:15:20,030 [INFO] WebApp:534 - Chromium requires no authentication
2025-04-08 11:15:20,032 [INFO] WebApp:477 - Direct internet connection detected
2025-04-08 11:15:20,449 [INFO] WebApp:221 - Starting web application
2025-04-08 11:15:20,449 [INFO] WebApp:579 - Web application path used C:\ST\STM32CubeIDE_1.17.0\STM32CubeIDE\plugins\com.st.stm32cube.common.mx_6.13.0.202411220809\db\plugins\mcufinder\reactClient1\index.html
2025-04-08 11:15:20,647 [WARN] PackLoader:240 - Cannot read IP mode file for STMicroelectronics.FP-SNS-MOTENVWB1.1.4.0
2025-04-08 11:15:20,685 [INFO] UserAuth:486 - Internet connection configuration mode: 1
2025-04-08 11:15:20,728 [WARN] PackLoader:240 - Cannot read IP mode file for STMicroelectronics.FP-ATR-ASTRA1.2.0.2
2025-04-08 11:15:20,740 [WARN] PackLoader:240 - Cannot read IP mode file for STMicroelectronics.FP-ATR-ASTRA1.2.0.1
2025-04-08 11:15:20,779 [WARN] PackLoader:240 - Cannot read IP mode file for STMicroelectronics.X-CUBE-SMBUS.2.1.0
2025-04-08 11:15:20,809 [WARN] PackLoader:240 - Cannot read IP mode file for STMicroelectronics.X-CUBE-WB05N.1.1.0
2025-04-08 11:15:21,464 [WARN] PackLoader:240 - Cannot read IP mode file for STMicroelectronics.X-CUBE-AZRTOS-F7.1.1.0
2025-04-08 11:15:21,492 [WARN] PackLoader:240 - Cannot read IP mode file for STMicroelectronics.FP-SNS-FLIGHT1.5.0.2
2025-04-08 11:15:21,707 [WARN] PackLoader:240 - Cannot read IP mode file for Infineon.AIROC-Wi-Fi-Bluetooth-STM32.1.7.0
2025-04-08 11:15:21,907 [WARN] PackLoader:240 - Cannot read IP mode file for STMicroelectronics.X-CUBE-DISPLAY.3.0.0
2025-04-08 11:15:21,947 [WARN] PackLoader:240 - Cannot read IP mode file for STMicroelectronics.X-CUBE-BLE1.7.0.0
2025-04-08 11:15:21,989 [INFO] WebApp:187 - Connection restablished
2025-04-08 11:15:21,998 [WARN] PackLoader:240 - Cannot read IP mode file for STMicroelectronics.X-CUBE-NFC10.1.0.0
2025-04-08 11:15:22,085 [WARN] PackLoader:240 - Cannot read IP mode file for STMicroelectronics.X-CUBE-BLEMGR.4.0.0
2025-04-08 11:15:22,132 [WARN] PackLoader:240 - Cannot read IP mode file for emotas.I-CUBE-CANOPEN.1.3.0
2025-04-08 11:15:22,144 [WARN] PackLoader:240 - Cannot read IP mode file for STMicroelectronics.X-CUBE-AI.10.0.0
2025-04-08 11:15:22,168 [WARN] PackLoader:240 - Cannot read IP mode file for STMicroelectronics.FP-SNS-SMARTAG2.1.2.0
2025-04-08 11:15:22,183 [WARN] PackLoader:240 - Cannot read IP mode file for STMicroelectronics.FP-SNS-FLIGHT1.5.1.0
2025-04-08 11:15:22,665 [WARN] PackLoader:240 - Cannot read IP mode file for STMicroelectronics.X-CUBE-MEMS1.11.1.0
2025-04-08 11:15:23,614 [INFO] LogOutputStream:77 - [STDOUT_REDIRECT] 1 : Invalid condition id : UX_CORESTACK_Condition cause : null
2025-04-08 11:15:23,616 [INFO] LogOutputStream:77 - [STDOUT_REDIRECT] 1 : Invalid condition id : UX_CORESTACK_Condition cause : null
2025-04-08 11:15:23,620 [INFO] LogOutputStream:77 - [STDOUT_REDIRECT] 1 : Invalid condition id : UX_CORESTACK_Condition cause : null
2025-04-08 11:15:23,624 [INFO] LogOutputStream:77 - [STDOUT_REDIRECT] 1 : Invalid condition id : UX_CORESTACK_Condition cause : null
2025-04-08 11:15:23,628 [INFO] LogOutputStream:77 - [STDOUT_REDIRECT] 1 : Invalid condition id : UX_CORESTACK_Condition cause : null
2025-04-08 11:15:23,635 [WARN] PackLoader:240 - Cannot read IP mode file for STMicroelectronics.X-CUBE-AZRTOS-WL.2.0.0
2025-04-08 11:15:23,702 [WARN] PackLoader:240 - Cannot read IP mode file for STMicroelectronics.FP-SNS-MOTENV1.5.0.0
2025-04-08 11:15:23,725 [WARN] PackLoader:240 - Cannot read IP mode file for wolfSSL.I-CUBE-wolfMQTT.1.19.0
2025-04-08 11:15:23,751 [WARN] PackLoader:240 - Cannot read IP mode file for WES.I-CUBE-Cesium.1.3.0
2025-04-08 11:15:23,762 [WARN] PackLoader:240 - Cannot read IP mode file for STMicroelectronics.X-CUBE-BLE2.3.3.0
2025-04-08 11:15:23,777 [WARN] PackLoader:240 - Cannot read IP mode file for STMicroelectronics.X-CUBE-NFC9.1.0.0
2025-04-08 11:15:23,787 [WARN] PackLoader:240 - Cannot read IP mode file for STMicroelectronics.X-CUBE-BLE1.7.1.0
2025-04-08 11:15:23,830 [WARN] PackLoader:240 - Cannot read IP mode file for STMicroelectronics.X-CUBE-AZRTOS-G0.1.1.0
2025-04-08 11:15:23,876 [WARN] PackLoader:240 - Cannot read IP mode file for STMicroelectronics.X-CUBE-SAFEA1.1.2.2
2025-04-08 11:15:23,887 [WARN] PackLoader:240 - Cannot read IP mode file for STMicroelectronics.X-CUBE-NFC4.3.0.0
2025-04-08 11:15:23,904 [WARN] PackLoader:240 - Cannot read IP mode file for EmbeddedOffice.I-CUBE-FS-RTOS.1.0.1
2025-04-08 11:15:23,923 [WARN] PackLoader:240 - Cannot read IP mode file for STMicroelectronics.X-CUBE-TCPP.4.2.0
2025-04-08 11:15:23,934 [WARN] PackLoader:240 - Cannot read IP mode file for RealThread.X-CUBE-RT-Thread_Nano.4.1.1
2025-04-08 11:15:23,942 [WARN] PackLoader:240 - Cannot read IP mode file for STMicroelectronics.FP-ATR-SIGFOX1.3.2.0
2025-04-08 11:15:23,961 [WARN] ConditionMgr:438 - getConditionDescription Invalid condition id : Cortex-A Device cause : null
2025-04-08 11:15:24,074 [WARN] ConditionMgr:1044 - genDependencies : Invalid condition id : Cortex-A Device cause : null
2025-04-08 11:15:24,075 [WARN] ConditionMgr:1044 - genDependencies : Invalid condition id : Cortex-A Device cause : null
2025-04-08 11:15:24,076 [WARN] ConditionMgr:1044 - genDependencies : Invalid condition id : Cortex-A Device cause : null
2025-04-08 11:15:24,113 [WARN] PackLoader:240 - Cannot read IP mode file for STMicroelectronics.X-CUBE-EEPRMA1.5.1.0
2025-04-08 11:15:24,123 [WARN] PackLoader:240 - Cannot read IP mode file for wolfSSL.I-CUBE-wolfSSL.5.7.4
2025-04-08 11:15:24,141 [WARN] PackLoader:240 - Cannot read IP mode file for ITTIA_DB.I-CUBE-ITTIADB.8.9.0
2025-04-08 11:15:24,216 [WARN] PackLoader:240 - Cannot read IP mode file for SEGGER.I-CUBE-embOS.1.3.1
2025-04-08 11:15:24,779 [WARN] PackLoader:240 - Cannot read IP mode file for STMicroelectronics.X-CUBE-ALGOBUILD.1.4.0
2025-04-08 11:15:24,862 [WARN] PackLoader:240 - Cannot read IP mode file for STMicroelectronics.X-CUBE-AI.9.1.0
2025-04-08 11:15:24,924 [WARN] PackLoader:240 - Cannot read IP mode file for STMicroelectronics.X-CUBE-AZRTOS-F4.1.1.0
2025-04-08 11:15:24,942 [WARN] PackLoader:240 - Cannot read IP mode file for STMicroelectronics.X-CUBE-ISPU.2.1.0
2025-04-08 11:15:24,985 [WARN] PackLoader:240 - Cannot read IP mode file for STMicroelectronics.X-CUBE-AZRTOS-L5.2.0.0
2025-04-08 11:15:25,007 [WARN] PackLoader:240 - Cannot read IP mode file for STMicroelectronics.X-CUBE-NFC6.3.1.0
2025-04-08 11:15:25,021 [WARN] PackLoader:240 - Cannot read IP mode file for STMicroelectronics.X-CUBE-DPower.1.2.0
2025-04-08 11:15:25,058 [WARN] PackLoader:240 - Cannot read IP mode file for STMicroelectronics.X-CUBE-FREERTOS.1.3.0
2025-04-08 11:15:25,070 [WARN] PackLoader:240 - Cannot read IP mode file for STMicroelectronics.X-CUBE-NFC7.1.0.1
2025-04-08 11:15:25,082 [WARN] PackLoader:240 - Cannot read IP mode file for STMicroelectronics.X-CUBE-DPower.1.3.0
2025-04-08 11:15:25,118 [WARN] ConditionMgr:438 - getConditionDescription Invalid condition id : LAN8742 Phy interface Condition cause : null
2025-04-08 11:15:25,119 [WARN] PackLoader:240 - Cannot read IP mode file for STMicroelectronics.X-CUBE-AZRTOS-L4.2.0.0
2025-04-08 11:15:25,122 [WARN] ConditionMgr:1044 - genDependencies : Invalid condition id : LAN8742 Phy interface Condition cause : null
2025-04-08 11:15:25,123 [WARN] ConditionMgr:1044 - genDependencies : Invalid condition id : LAN8742 Phy interface Condition cause : null
2025-04-08 11:15:25,123 [WARN] ConditionMgr:1044 - genDependencies : Invalid condition id : LAN8742 Phy interface Condition cause : null
2025-04-08 11:15:25,138 [WARN] PackLoader:240 - Cannot read IP mode file for STMicroelectronics.X-CUBE-SFXS2LP1.4.0.0
2025-04-08 11:15:25,195 [WARN] PackLoader:240 - Cannot read IP mode file for STMicroelectronics.X-CUBE-AZRTOS-H7.3.3.0
2025-04-08 11:15:25,230 [WARN] ConditionMgr:438 - getConditionDescription Invalid condition id : UX DEVICE CLASS RTOS Condition cause : null
2025-04-08 11:15:25,231 [WARN] ConditionMgr:438 - getConditionDescription Invalid condition id : UX DEVICE CLASS RTOS Condition cause : null
2025-04-08 11:15:25,235 [WARN] PackLoader:240 - Cannot read IP mode file for STMicroelectronics.X-CUBE-AZRTOS-WB.2.0.0
2025-04-08 11:15:25,236 [WARN] ConditionMgr:1044 - genDependencies : Invalid condition id : UX DEVICE CLASS RTOS Condition cause : null
2025-04-08 11:15:25,237 [WARN] ConditionMgr:1044 - genDependencies : Invalid condition id : UX DEVICE CLASS RTOS Condition cause : null
2025-04-08 11:15:25,238 [WARN] ConditionMgr:1044 - genDependencies : Invalid condition id : UX DEVICE CLASS RTOS Condition cause : null
2025-04-08 11:15:25,239 [WARN] ConditionMgr:1044 - genDependencies : Invalid condition id : UX DEVICE CLASS RTOS Condition cause : null
2025-04-08 11:15:25,239 [WARN] ConditionMgr:1044 - genDependencies : Invalid condition id : UX DEVICE CLASS RTOS Condition cause : null
2025-04-08 11:15:25,251 [WARN] PackLoader:240 - Cannot read IP mode file for STMicroelectronics.X-CUBE-GNSS1.7.0.1
2025-04-08 11:15:25,261 [WARN] PackLoader:240 - Cannot read IP mode file for STMicroelectronics.X-CUBE-TOUCHGFX.4.25.0
2025-04-08 11:15:25,272 [WARN] PackLoader:240 - Cannot read IP mode file for STMicroelectronics.FP-SNS-STBOX1.2.0.0
2025-04-08 11:15:25,333 [WARN] PackLoader:240 - Cannot read IP mode file for STMicroelectronics.X-CUBE-SUBG2.5.0.0
2025-04-08 11:15:25,402 [WARN] PackLoader:240 - Cannot read IP mode file for STMicroelectronics.X-CUBE-AZRTOS-H7RS.1.1.0
2025-04-08 11:15:25,414 [WARN] PackLoader:240 - Cannot read IP mode file for Cesanta.I-CUBE-Mongoose.7.13.0
2025-04-08 11:15:25,443 [WARN] PackLoader:240 - Cannot read IP mode file for STMicroelectronics.X-CUBE-AZRTOS-G4.2.0.0
2025-04-08 11:15:25,493 [WARN] PackLoader:240 - Cannot read IP mode file for STMicroelectronics.X-CUBE-IPS.3.1.0
2025-04-08 11:15:25,511 [WARN] PackLoader:240 - Cannot read IP mode file for STMicroelectronics.X-CUBE-ALS.1.0.2
2025-04-08 11:15:25,516 [WARN] PackLoader:240 - Cannot read IP mode file for STMicroelectronics.X-CUBE-TOUCHGFX.4.24.2
2025-04-08 11:15:25,525 [WARN] PackLoader:240 - Cannot read IP mode file for wolfSSL.I-CUBE-wolfTPM.3.4.0
2025-04-08 11:15:25,534 [WARN] PackLoader:240 - Cannot read IP mode file for portGmbH.I-Cube-SoM-uGOAL.1.1.0
2025-04-08 11:15:25,564 [WARN] PackLoader:240 - Cannot read IP mode file for STMicroelectronics.X-CUBE-AZRTOS-H7RS.1.0.0
2025-04-08 11:15:25,642 [WARN] PackLoader:240 - Cannot read IP mode file for STMicroelectronics.X-CUBE-TOF1.3.4.2
2025-04-08 11:15:25,677 [WARN] PackLoader:240 - Cannot read IP mode file for wolfSSL.I-CUBE-wolfSSH.1.4.17
2025-04-08 11:15:25,678 [INFO] ThirdParty:978 - Integrity check success = true
2025-04-08 11:15:25,678 [INFO] IntegrityCheckThread:100 - exiting critical section [integrity check]
2025-04-08 11:15:25,678 [INFO] IntegrityCheckThread:103 - End integrity checks thread
2025-04-08 11:15:29,203 [ERROR] LogOutputStream:75 - [STDERR_REDIRECT] 
2025-04-08 11:15:29,206 [ERROR] LogOutputStream:75 - [STDERR_REDIRECT] 
