2025-04-28 11:40:18,132 [INFO] Activator:176 - 


2025-04-28 11:40:18,138 [INFO] Activator:177 - !SESSION log4j initialized
2025-04-28 11:40:29,231 [INFO] LogOutputStream:77 - [STDOUT_REDIRECT] 
2025-04-28 11:40:30,752 [INFO] ApplicationProperties:184 - Using Application install path: C:\ST\STM32CubeIDE_1.17.0\STM32CubeIDE\plugins\com.st.stm32cube.common.mx_6.14.1.202504091515
2025-04-28 11:40:30,760 [INFO] DbMcusXml:78 - Set database path to: C:\ST\STM32CubeIDE_1.17.0\STM32CubeIDE\plugins\com.st.stm32cube.common.mx_6.14.1.202504091515\\db\/mcu/
2025-04-28 11:40:30,760 [INFO] ApiDb:274 - Set plugin database path to: C:\ST\STM32CubeIDE_1.17.0\STM32CubeIDE\plugins\com.st.stm32cube.common.mx_6.14.1.202504091515\\db\/plugins/boardmanager/
2025-04-28 11:40:30,760 [WARN] ApiDb:259 - Overriding images path with different value:  => C:\ST\STM32CubeIDE_1.17.0\STM32CubeIDE\plugins\com.st.stm32cube.common.mx_6.14.1.202504091515\\db\/plugins/mcufinder/images/
2025-04-28 11:40:30,777 [INFO] ApiDb:250 - Set database path to: C:\Users\DELL\.stmcufinder\plugins\mcufinder//mcu/
2025-04-28 11:40:30,778 [INFO] DbMcusAds:125 - Set database path to: C:\Users\DELL\.stmcufinder\plugins\mcufinder//mcu/
2025-04-28 11:40:31,731 [INFO] CrossReferenceDbSqlite:203 - Set database path to: C:\Users\DELL\.stmcufinder\plugins\mcufinder//mcu/cs/
2025-04-28 11:40:31,832 [INFO] DbMcusXml:78 - Set database path to: C:\ST\STM32CubeIDE_1.17.0\STM32CubeIDE\plugins\com.st.stm32cube.common.mx_6.14.1.202504091515\\db\/mcu/
2025-04-28 11:40:31,832 [INFO] ApiDb:274 - Set plugin database path to: C:\ST\STM32CubeIDE_1.17.0\STM32CubeIDE\plugins\com.st.stm32cube.common.mx_6.14.1.202504091515\\db\/plugins/boardmanager/
2025-04-28 11:40:31,832 [INFO] ApiDb:261 - Set plugin images path to: C:\ST\STM32CubeIDE_1.17.0\STM32CubeIDE\plugins\com.st.stm32cube.common.mx_6.14.1.202504091515\\db\/plugins/mcufinder/images/
2025-04-28 11:40:31,832 [WARN] DbFile:41 - Overriding database path with different value: C:\Users\DELL\.stmcufinder\plugins\mcufinder/ => C:\Users\DELL\.stmcufinder\plugins\mcufinder
2025-04-28 11:40:31,832 [INFO] ApiDb:250 - Set database path to: C:\Users\DELL\.stmcufinder\plugins\mcufinder//mcu/
2025-04-28 11:40:31,832 [WARN] DbFile:41 - Overriding database path with different value: C:\Users\DELL\.stmcufinder\plugins\mcufinder/ => C:\Users\DELL\.stmcufinder\plugins\mcufinder
2025-04-28 11:40:31,833 [INFO] DbMcusAds:125 - Set database path to: C:\Users\DELL\.stmcufinder\plugins\mcufinder//mcu/
2025-04-28 11:40:31,833 [WARN] DbFile:41 - Overriding database path with different value: C:\Users\DELL\.stmcufinder\plugins\mcufinder/ => C:\Users\DELL\.stmcufinder\plugins\mcufinder
2025-04-28 11:40:31,833 [WARN] DbFile:41 - Overriding database path with different value: C:\Users\DELL\.stmcufinder\plugins\mcufinder/ => C:\Users\DELL\.stmcufinder\plugins\mcufinder
2025-04-28 11:40:32,730 [INFO] CrossReferenceDbSqlite:203 - Set database path to: C:\Users\DELL\.stmcufinder\plugins\mcufinder//mcu/cs/
2025-04-28 11:40:32,809 [INFO] MainPanel:272 - HeapMemory: 268435456
2025-04-28 11:40:32,920 [INFO] DbMcusXml:78 - Set database path to: C:\ST\STM32CubeIDE_1.17.0\STM32CubeIDE\plugins\com.st.stm32cube.common.mx_6.14.1.202504091515\\db\/mcu/
2025-04-28 11:40:32,920 [INFO] ApiDb:274 - Set plugin database path to: C:\ST\STM32CubeIDE_1.17.0\STM32CubeIDE\plugins\com.st.stm32cube.common.mx_6.14.1.202504091515\\db\/plugins/boardmanager/
2025-04-28 11:40:32,920 [INFO] ApiDb:261 - Set plugin images path to: C:\ST\STM32CubeIDE_1.17.0\STM32CubeIDE\plugins\com.st.stm32cube.common.mx_6.14.1.202504091515\\db\/plugins/mcufinder/images/
2025-04-28 11:40:32,920 [WARN] DbFile:41 - Overriding database path with different value: C:\Users\DELL\.stmcufinder\plugins\mcufinder/ => C:\Users\DELL\.stmcufinder\plugins\mcufinder
2025-04-28 11:40:32,920 [INFO] ApiDb:250 - Set database path to: C:\Users\DELL\.stmcufinder\plugins\mcufinder//mcu/
2025-04-28 11:40:32,921 [WARN] DbFile:41 - Overriding database path with different value: C:\Users\DELL\.stmcufinder\plugins\mcufinder/ => C:\Users\DELL\.stmcufinder\plugins\mcufinder
2025-04-28 11:40:32,921 [INFO] DbMcusAds:125 - Set database path to: C:\Users\DELL\.stmcufinder\plugins\mcufinder//mcu/
2025-04-28 11:40:32,921 [WARN] DbFile:41 - Overriding database path with different value: C:\Users\DELL\.stmcufinder\plugins\mcufinder/ => C:\Users\DELL\.stmcufinder\plugins\mcufinder
2025-04-28 11:40:32,921 [WARN] DbFile:41 - Overriding database path with different value: C:\Users\DELL\.stmcufinder\plugins\mcufinder/ => C:\Users\DELL\.stmcufinder\plugins\mcufinder
2025-04-28 11:40:33,731 [INFO] CrossReferenceDbSqlite:203 - Set database path to: C:\Users\DELL\.stmcufinder\plugins\mcufinder//mcu/cs/
2025-04-28 11:40:33,751 [INFO] ApplicationProperties:184 - Using Application install path: C:\ST\STM32CubeIDE_1.17.0\STM32CubeIDE\plugins\com.st.stm32cube.common.mx_6.14.1.202504091515
2025-04-28 11:40:33,753 [INFO] PluginManage:196 - Search for loadable plugins [exclusion list=, ]
2025-04-28 11:40:33,754 [INFO] PluginManage:310 - Check plugin analytics
2025-04-28 11:40:34,805 [INFO] AnalyticsPlugin:253 - Accepted Software Licenses: STM32CubeMX.6.13.0,STM32CubeMX.6.14.0,STM32CubeMX.6.14.1
2025-04-28 11:40:34,806 [INFO] AnalyticsPlugin:255 - Accepted CMSIS Pack Licenses: 
2025-04-28 11:40:34,806 [INFO] AnalyticsPlugin:257 - Accepted Firmware Licenses: 
2025-04-28 11:40:34,808 [INFO] PluginManage:359 - Loaded plugin analytics (category:tool,tabindex:-1)
2025-04-28 11:40:34,809 [INFO] PluginManage:310 - Check plugin cadmodel
2025-04-28 11:40:34,822 [INFO] CADModel:105 - Init CAD model plugin
2025-04-28 11:40:34,822 [INFO] PluginManage:359 - Loaded plugin cadmodel (category:power,tabindex:5)
2025-04-28 11:40:34,822 [INFO] PluginManage:310 - Check plugin clock
2025-04-28 11:40:34,835 [INFO] PluginManage:359 - Loaded plugin clock (category:base,tabindex:2)
2025-04-28 11:40:34,835 [INFO] PluginManage:310 - Check plugin ddr
2025-04-28 11:40:34,836 [INFO] PluginManage:359 - Loaded plugin ddr (category:tool,tabindex:6)
2025-04-28 11:40:34,837 [INFO] PluginManage:310 - Check plugin filemanager
2025-04-28 11:40:36,884 [INFO] PluginManage:359 - Loaded plugin filemanager (category:base,tabindex:10)
2025-04-28 11:40:36,884 [INFO] PluginManage:310 - Check plugin ipmanager
2025-04-28 11:40:36,893 [INFO] PluginManage:359 - Loaded plugin ipmanager (category:base,tabindex:5)
2025-04-28 11:40:36,893 [INFO] PluginManage:310 - Check plugin lpbam
2025-04-28 11:40:37,008 [INFO] PluginManage:359 - Loaded plugin lpbam (category:base,tabindex:0)
2025-04-28 11:40:37,008 [INFO] PluginManage:310 - Check plugin memorymap
2025-04-28 11:40:37,114 [INFO] PluginManage:359 - Loaded plugin memorymap (category:base,tabindex:4)
2025-04-28 11:40:37,114 [INFO] PluginManage:310 - Check plugin pinoutandconfiguration
2025-04-28 11:40:37,128 [INFO] PluginManage:359 - Loaded plugin pinoutandconfiguration (category:base,tabindex:1)
2025-04-28 11:40:37,129 [INFO] PluginManage:310 - Check plugin pinoutconfig
2025-04-28 11:40:37,204 [WARN] SupportedApi:132 - Cannot load RTOS API schema: s4s-elt-must-match.1: The content of 'definitions' must match (annotation?, (simpleType | complexType)?, (unique | key | keyref)*)). A problem was found starting at: attribute.
2025-04-28 11:40:37,312 [INFO] PluginManage:359 - Loaded plugin pinoutconfig (category:base,tabindex:0)
2025-04-28 11:40:37,312 [INFO] PluginManage:310 - Check plugin power
2025-04-28 11:40:37,345 [INFO] PluginManage:359 - Loaded plugin power (category:power,tabindex:4)
2025-04-28 11:40:37,345 [INFO] PluginManage:310 - Check plugin projectmanager
2025-04-28 11:40:37,357 [INFO] PluginManage:359 - Loaded plugin projectmanager (category:projectmanager,tabindex:4)
2025-04-28 11:40:37,357 [INFO] PluginManage:310 - Check plugin rif
2025-04-28 11:40:37,367 [INFO] PluginManage:359 - Loaded plugin rif (category:base,tabindex:3)
2025-04-28 11:40:37,368 [INFO] PluginManage:310 - Check plugin thirdparty
2025-04-28 11:40:37,563 [WARN] IntegrityCheckThread:84 - waiting for thirdparty lock release [integrity check]
2025-04-28 11:40:37,564 [INFO] IntegrityCheckThread:86 - entering critical section [integrity check]
2025-04-28 11:40:37,564 [INFO] ThirdPartyUpdaterWithRetryManager:70 - Updater plugin not ready yet. [1/15]
2025-04-28 11:40:37,564 [INFO] PluginManage:359 - Loaded plugin thirdparty (category:base,tabindex:-1)
2025-04-28 11:40:37,564 [INFO] PluginManage:310 - Check plugin tools
2025-04-28 11:40:37,582 [INFO] PluginManage:359 - Loaded plugin tools (category:base,tabindex:7)
2025-04-28 11:40:37,583 [INFO] PluginManage:310 - Check plugin tutovideos
2025-04-28 11:40:37,776 [INFO] PluginManage:359 - Loaded plugin tutovideos (category:base,tabindex:-1)
2025-04-28 11:40:37,776 [INFO] PluginManage:310 - Check plugin updater
2025-04-28 11:40:37,795 [INFO] PluginManage:359 - Loaded plugin updater (category:base,tabindex:12)
2025-04-28 11:40:37,795 [INFO] PluginManage:310 - Check plugin userauth
2025-04-28 11:40:37,798 [INFO] UserAuth:118 - Init User Auth plugin
2025-04-28 11:40:37,799 [INFO] PluginManage:359 - Loaded plugin userauth (category:base,tabindex:14)
2025-04-28 11:40:37,799 [INFO] PluginManage:283 - PluginManage : Loaded plugins [18]
2025-04-28 11:40:37,982 [INFO] PinOutPanel:1589 - setPackage(No Configuration,No Configuration)
2025-04-28 11:40:38,056 [INFO] CADModel:165 - CPN selected for project level
2025-04-28 11:40:38,056 [INFO] CADModel:114 - Register for checkConnection events
2025-04-28 11:40:38,106 [INFO] IPUIPlugin:80 - create IPUIPlugin
2025-04-28 11:40:38,107 [INFO] PluginManager:220 - loadIPPluginJar : add adc
2025-04-28 11:40:38,121 [INFO] IPUIPlugin:80 - create IPUIPlugin
2025-04-28 11:40:38,121 [INFO] PluginManager:220 - loadIPPluginJar : add aes
2025-04-28 11:40:38,138 [INFO] IPUIPlugin:80 - create IPUIPlugin
2025-04-28 11:40:38,138 [INFO] PluginManager:220 - loadIPPluginJar : add can
2025-04-28 11:40:38,149 [INFO] IPUIPlugin:80 - create IPUIPlugin
2025-04-28 11:40:38,149 [INFO] PluginManager:220 - loadIPPluginJar : add comp
2025-04-28 11:40:38,163 [INFO] IPUIPlugin:80 - create IPUIPlugin
2025-04-28 11:40:38,164 [INFO] PluginManager:220 - loadIPPluginJar : add cryp
2025-04-28 11:40:38,171 [INFO] IPUIPlugin:80 - create IPUIPlugin
2025-04-28 11:40:38,171 [INFO] PluginManager:220 - loadIPPluginJar : add ddr_ctrl_phy
2025-04-28 11:40:38,185 [INFO] IPUIPlugin:80 - create IPUIPlugin
2025-04-28 11:40:38,185 [INFO] PluginManager:220 - loadIPPluginJar : add dfsdm
2025-04-28 11:40:38,223 [INFO] IPUIPlugin:80 - create IPUIPlugin
2025-04-28 11:40:38,223 [INFO] PluginManager:220 - loadIPPluginJar : add dma
2025-04-28 11:40:38,239 [INFO] IPUIPlugin:80 - create IPUIPlugin
2025-04-28 11:40:38,240 [INFO] PluginManager:220 - loadIPPluginJar : add dma3
2025-04-28 11:40:38,255 [INFO] IPUIPlugin:80 - create IPUIPlugin
2025-04-28 11:40:38,255 [INFO] PluginManager:220 - loadIPPluginJar : add extmemmanager
2025-04-28 11:40:38,264 [INFO] IPUIPlugin:80 - create IPUIPlugin
2025-04-28 11:40:38,264 [INFO] PluginManager:220 - loadIPPluginJar : add fatfs
2025-04-28 11:40:38,281 [INFO] IPUIPlugin:80 - create IPUIPlugin
2025-04-28 11:40:38,281 [INFO] PluginManager:220 - loadIPPluginJar : add fmc
2025-04-28 11:40:38,292 [INFO] IPUIPlugin:80 - create IPUIPlugin
2025-04-28 11:40:38,292 [INFO] PluginManager:220 - loadIPPluginJar : add freertos
2025-04-28 11:40:38,304 [INFO] IPUIPlugin:80 - create IPUIPlugin
2025-04-28 11:40:38,305 [INFO] PluginManager:220 - loadIPPluginJar : add genericplugin
2025-04-28 11:40:38,336 [INFO] IPUIPlugin:80 - create IPUIPlugin
2025-04-28 11:40:38,336 [INFO] PluginManager:220 - loadIPPluginJar : add gfxmmu
2025-04-28 11:40:38,381 [INFO] IPUIPlugin:80 - create IPUIPlugin
2025-04-28 11:40:38,381 [INFO] PluginManager:220 - loadIPPluginJar : add gic
2025-04-28 11:40:38,459 [INFO] IPUIPlugin:80 - create IPUIPlugin
2025-04-28 11:40:38,459 [INFO] PluginManager:220 - loadIPPluginJar : add gpio
2025-04-28 11:40:38,488 [INFO] IPUIPlugin:80 - create IPUIPlugin
2025-04-28 11:40:38,488 [INFO] PluginManager:220 - loadIPPluginJar : add gtzc
2025-04-28 11:40:38,500 [INFO] IPUIPlugin:80 - create IPUIPlugin
2025-04-28 11:40:38,500 [INFO] PluginManager:220 - loadIPPluginJar : add hash
2025-04-28 11:40:38,518 [INFO] IPUIPlugin:80 - create IPUIPlugin
2025-04-28 11:40:38,519 [INFO] PluginManager:220 - loadIPPluginJar : add i2c
2025-04-28 11:40:38,534 [INFO] IPUIPlugin:80 - create IPUIPlugin
2025-04-28 11:40:38,534 [INFO] PluginManager:220 - loadIPPluginJar : add i2s
2025-04-28 11:40:38,549 [INFO] IPUIPlugin:80 - create IPUIPlugin
2025-04-28 11:40:38,549 [INFO] PluginManager:220 - loadIPPluginJar : add i3c
2025-04-28 11:40:38,575 [INFO] IPUIPlugin:80 - create IPUIPlugin
2025-04-28 11:40:38,575 [INFO] PluginManager:220 - loadIPPluginJar : add ipddr
2025-04-28 11:40:38,608 [INFO] IPUIPlugin:80 - create IPUIPlugin
2025-04-28 11:40:38,609 [INFO] PluginManager:220 - loadIPPluginJar : add linkedlist
2025-04-28 11:40:38,624 [INFO] IPUIPlugin:80 - create IPUIPlugin
2025-04-28 11:40:38,624 [INFO] PluginManager:220 - loadIPPluginJar : add lorawan
2025-04-28 11:40:38,637 [INFO] IPUIPlugin:80 - create IPUIPlugin
2025-04-28 11:40:38,637 [INFO] PluginManager:220 - loadIPPluginJar : add ltdc
2025-04-28 11:40:38,702 [INFO] IPUIPlugin:80 - create IPUIPlugin
2025-04-28 11:40:38,702 [INFO] PluginManager:220 - loadIPPluginJar : add mdma
2025-04-28 11:40:38,783 [INFO] IPUIPlugin:80 - create IPUIPlugin
2025-04-28 11:40:38,783 [INFO] PluginManager:220 - loadIPPluginJar : add nvic
2025-04-28 11:40:38,800 [INFO] IPUIPlugin:80 - create IPUIPlugin
2025-04-28 11:40:38,800 [INFO] PluginManager:220 - loadIPPluginJar : add opamp
2025-04-28 11:40:38,824 [INFO] IPUIPlugin:80 - create IPUIPlugin
2025-04-28 11:40:38,824 [INFO] PluginManager:220 - loadIPPluginJar : add openamp
2025-04-28 11:40:38,842 [INFO] IPUIPlugin:80 - create IPUIPlugin
2025-04-28 11:40:38,842 [INFO] PluginManager:220 - loadIPPluginJar : add pdm2pcm
2025-04-28 11:40:38,921 [INFO] IPUIPlugin:80 - create IPUIPlugin
2025-04-28 11:40:38,923 [INFO] PluginManager:220 - loadIPPluginJar : add plateformsettings
2025-04-28 11:40:38,934 [INFO] IPUIPlugin:80 - create IPUIPlugin
2025-04-28 11:40:38,934 [INFO] PluginManager:220 - loadIPPluginJar : add quadspi
2025-04-28 11:40:38,946 [INFO] IPUIPlugin:80 - create IPUIPlugin
2025-04-28 11:40:38,947 [INFO] PluginManager:220 - loadIPPluginJar : add radio
2025-04-28 11:40:38,954 [INFO] IPUIPlugin:80 - create IPUIPlugin
2025-04-28 11:40:38,954 [INFO] PluginManager:220 - loadIPPluginJar : add resmgrutility
2025-04-28 11:40:38,975 [INFO] IPUIPlugin:80 - create IPUIPlugin
2025-04-28 11:40:38,975 [INFO] PluginManager:220 - loadIPPluginJar : add sai
2025-04-28 11:40:38,993 [INFO] IPUIPlugin:80 - create IPUIPlugin
2025-04-28 11:40:38,993 [INFO] PluginManager:220 - loadIPPluginJar : add spi
2025-04-28 11:40:39,017 [INFO] IPUIPlugin:80 - create IPUIPlugin
2025-04-28 11:40:39,017 [INFO] PluginManager:220 - loadIPPluginJar : add stm32_wpan
2025-04-28 11:40:39,030 [INFO] IPUIPlugin:80 - create IPUIPlugin
2025-04-28 11:40:39,030 [INFO] PluginManager:220 - loadIPPluginJar : add tim
2025-04-28 11:40:39,055 [INFO] IPUIPlugin:80 - create IPUIPlugin
2025-04-28 11:40:39,055 [INFO] PluginManager:220 - loadIPPluginJar : add touchsensing
2025-04-28 11:40:39,068 [INFO] IPUIPlugin:80 - create IPUIPlugin
2025-04-28 11:40:39,068 [INFO] PluginManager:220 - loadIPPluginJar : add tracer_emb
2025-04-28 11:40:39,079 [INFO] IPUIPlugin:80 - create IPUIPlugin
2025-04-28 11:40:39,080 [INFO] PluginManager:220 - loadIPPluginJar : add ts
2025-04-28 11:40:39,089 [INFO] IPUIPlugin:80 - create IPUIPlugin
2025-04-28 11:40:39,089 [INFO] PluginManager:220 - loadIPPluginJar : add tsc
2025-04-28 11:40:39,099 [INFO] IPUIPlugin:80 - create IPUIPlugin
2025-04-28 11:40:39,099 [INFO] PluginManager:220 - loadIPPluginJar : add ucpd
2025-04-28 11:40:39,117 [INFO] IPUIPlugin:80 - create IPUIPlugin
2025-04-28 11:40:39,117 [INFO] PluginManager:220 - loadIPPluginJar : add usart
2025-04-28 11:40:39,135 [INFO] IPUIPlugin:80 - create IPUIPlugin
2025-04-28 11:40:39,135 [INFO] PluginManager:220 - loadIPPluginJar : add usbx
2025-04-28 11:40:39,258 [FATAL] Updater:351 - Updater called before beeing initialized
2025-04-28 11:40:39,323 [INFO] RulesReader:64 - Compatibility file has been processed (302 Rules)
2025-04-28 11:40:39,333 [INFO] RulesReader:64 - Compatibility file has been processed (302 Rules)
2025-04-28 11:40:39,343 [INFO] CADModel:165 - CPN selected for project level
2025-04-28 11:40:39,343 [INFO] CADModel:114 - Register for checkConnection events
2025-04-28 11:40:39,343 [FATAL] Updater:351 - Updater called before beeing initialized
2025-04-28 11:40:39,343 [ERROR] CADModel:125 - Updater not yet initialized, retry later 
2025-04-28 11:40:39,489 [FATAL] Updater:351 - Updater called before beeing initialized
2025-04-28 11:40:39,491 [INFO] CADModel:165 - CPN selected for project level
2025-04-28 11:40:39,491 [INFO] CADModel:114 - Register for checkConnection events
2025-04-28 11:40:39,491 [FATAL] Updater:351 - Updater called before beeing initialized
2025-04-28 11:40:39,491 [ERROR] CADModel:125 - Updater not yet initialized, retry later 
2025-04-28 11:40:39,494 [FATAL] Updater:351 - Updater called before beeing initialized
2025-04-28 11:40:39,603 [FATAL] Updater:351 - Updater called before beeing initialized
2025-04-28 11:40:39,610 [INFO] DbMcusAds:53 - JSON generation date=Thu Mar 06 21:54:22 ICT 2025 (1741272862078)
2025-04-28 11:40:39,610 [FATAL] Updater:351 - Updater called before beeing initialized
2025-04-28 11:40:39,689 [WARN] DetailPanel:346 - Failed to get advertising image, set to default
2025-04-28 11:40:39,942 [FATAL] Updater:351 - Updater called before beeing initialized
2025-04-28 11:40:39,944 [FATAL] Updater:351 - Updater called before beeing initialized
2025-04-28 11:40:39,944 [FATAL] Updater:351 - Updater called before beeing initialized
2025-04-28 11:40:39,944 [WARN] DetailPanel:346 - Failed to get advertising image, set to default
2025-04-28 11:40:39,945 [FATAL] Updater:351 - Updater called before beeing initialized
2025-04-28 11:40:39,998 [ERROR] Updater:1198 - MainUpdater not yet initialized. External WinMGr cannot be set.
2025-04-28 11:40:40,005 [INFO] Updater:1134 - Updater Version found : 6.14.1
2025-04-28 11:40:40,019 [INFO] ApplicationProperties:184 - Using Application install path: C:\ST\STM32CubeIDE_1.17.0\STM32CubeIDE\plugins\com.st.stm32cube.common.mx_6.14.1.202504091515
2025-04-28 11:40:40,481 [INFO] MainUpdater:2872 - connection check result : 10
2025-04-28 11:40:40,482 [INFO] MainUpdater:289 - Updater Check For Update Now.
2025-04-28 11:40:40,482 [INFO] MicroXplorer:498 - Change Database Version : DB.6.0.141
2025-04-28 11:40:40,495 [INFO] McuFinderGlobals:63 - Set McuFinder mode to 2 (CubeIDE integrated)
2025-04-28 11:40:40,501 [INFO] UserAuth:484 - Internet connection configuration mode: 1
2025-04-28 11:40:40,524 [INFO] JxBrowserEngine:152 - Initiate JxBrowser Engine with user profile folder
2025-04-28 11:40:40,565 [WARN] MainUpdater:1193 - Updater busy. Cannot search thirdparties
2025-04-28 11:40:40,565 [INFO] ThirdPartyUpdaterWithRetryManager:96 - Updater plugin is busy. [1/15]
2025-04-28 11:40:40,692 [INFO] CheckServerUpdateThread:120 - End of CheckServer Thread
2025-04-28 11:40:42,133 [INFO] WebApp:169 - Instantiating new browser for Auth
2025-04-28 11:40:43,108 [INFO] WebApp:463 - Apply proxy settings
2025-04-28 11:40:43,109 [INFO] WebApp:548 - Chromium requires no authentication
2025-04-28 11:40:43,119 [INFO] WebApp:491 - Direct internet connection detected
2025-04-28 11:40:43,149 [INFO] WebApp:894 - Register for checkConnection events
2025-04-28 11:40:43,149 [INFO] WebApp:463 - Apply proxy settings
2025-04-28 11:40:43,150 [INFO] WebApp:548 - Chromium requires no authentication
2025-04-28 11:40:43,150 [INFO] WebApp:491 - Direct internet connection detected
2025-04-28 11:40:43,381 [INFO] WebApp:225 - Starting web application
2025-04-28 11:40:43,381 [INFO] WebApp:593 - Web application path used C:\ST\STM32CubeIDE_1.17.0\STM32CubeIDE\plugins\com.st.stm32cube.common.mx_6.14.1.202504091515\db\plugins\mcufinder\reactClient1\index.html
2025-04-28 11:40:43,568 [INFO] WebApp:191 - Connection restablished
2025-04-28 11:40:43,601 [INFO] UserAuth:484 - Internet connection configuration mode: 1
2025-04-28 11:40:44,077 [WARN] PackLoader:240 - Cannot read IP mode file for STMicroelectronics.FP-SNS-MOTENVWB1.1.4.0
2025-04-28 11:40:44,118 [WARN] PackLoader:240 - Cannot read IP mode file for STMicroelectronics.FP-ATR-ASTRA1.2.0.2
2025-04-28 11:40:44,137 [WARN] PackLoader:240 - Cannot read IP mode file for STMicroelectronics.FP-ATR-ASTRA1.2.0.1
2025-04-28 11:40:44,165 [WARN] PackLoader:240 - Cannot read IP mode file for STMicroelectronics.X-CUBE-SMBUS.2.1.0
2025-04-28 11:40:44,193 [WARN] PackLoader:240 - Cannot read IP mode file for STMicroelectronics.X-CUBE-WB05N.1.1.0
2025-04-28 11:40:44,315 [WARN] PackLoader:240 - Cannot read IP mode file for STMicroelectronics.X-CUBE-AZRTOS-F7.1.1.0
2025-04-28 11:40:44,350 [WARN] PackLoader:240 - Cannot read IP mode file for STMicroelectronics.FP-SNS-FLIGHT1.5.0.2
2025-04-28 11:40:44,441 [WARN] PackLoader:240 - Cannot read IP mode file for Infineon.AIROC-Wi-Fi-Bluetooth-STM32.1.7.0
2025-04-28 11:40:44,492 [WARN] PackLoader:240 - Cannot read IP mode file for STMicroelectronics.X-CUBE-DISPLAY.3.0.0
2025-04-28 11:40:44,531 [WARN] PackLoader:240 - Cannot read IP mode file for STMicroelectronics.X-CUBE-BLE1.7.0.0
2025-04-28 11:40:44,562 [WARN] PackLoader:240 - Cannot read IP mode file for STMicroelectronics.X-CUBE-NFC10.1.0.0
2025-04-28 11:40:44,606 [WARN] PackLoader:240 - Cannot read IP mode file for STMicroelectronics.X-CUBE-BLEMGR.4.0.0
2025-04-28 11:40:44,641 [WARN] PackLoader:240 - Cannot read IP mode file for emotas.I-CUBE-CANOPEN.1.3.0
2025-04-28 11:40:44,658 [WARN] ConditionMgr:438 - getConditionDescription Invalid condition id : Cortex-A Device cause : null
2025-04-28 11:40:44,678 [WARN] ConditionMgr:1044 - genDependencies : Invalid condition id : Cortex-A Device cause : null
2025-04-28 11:40:44,678 [WARN] ConditionMgr:1044 - genDependencies : Invalid condition id : Cortex-A Device cause : null
2025-04-28 11:40:44,678 [WARN] ConditionMgr:1044 - genDependencies : Invalid condition id : Cortex-A Device cause : null
2025-04-28 11:40:44,691 [WARN] PackLoader:240 - Cannot read IP mode file for STMicroelectronics.X-CUBE-AI.10.0.0
2025-04-28 11:40:44,726 [WARN] PackLoader:240 - Cannot read IP mode file for STMicroelectronics.FP-SNS-SMARTAG2.1.2.0
2025-04-28 11:40:44,744 [WARN] PackLoader:240 - Cannot read IP mode file for STMicroelectronics.FP-SNS-FLIGHT1.5.1.0
2025-04-28 11:40:44,859 [WARN] PackLoader:240 - Cannot read IP mode file for STMicroelectronics.X-CUBE-MEMS1.11.1.0
2025-04-28 11:40:45,085 [INFO] LogOutputStream:77 - [STDOUT_REDIRECT] 1 : Invalid condition id : UX_CORESTACK_Condition cause : null
2025-04-28 11:40:45,086 [INFO] LogOutputStream:77 - [STDOUT_REDIRECT] 1 : Invalid condition id : UX_CORESTACK_Condition cause : null
2025-04-28 11:40:45,089 [INFO] LogOutputStream:77 - [STDOUT_REDIRECT] 1 : Invalid condition id : UX_CORESTACK_Condition cause : null
2025-04-28 11:40:45,092 [INFO] LogOutputStream:77 - [STDOUT_REDIRECT] 1 : Invalid condition id : UX_CORESTACK_Condition cause : null
2025-04-28 11:40:45,093 [INFO] LogOutputStream:77 - [STDOUT_REDIRECT] 1 : Invalid condition id : UX_CORESTACK_Condition cause : null
2025-04-28 11:40:45,097 [WARN] PackLoader:240 - Cannot read IP mode file for STMicroelectronics.X-CUBE-AZRTOS-WL.2.0.0
2025-04-28 11:40:45,111 [WARN] PackLoader:240 - Cannot read IP mode file for STMicroelectronics.FP-SNS-MOTENV1.5.0.0
2025-04-28 11:40:45,126 [WARN] PackLoader:240 - Cannot read IP mode file for wolfSSL.I-CUBE-wolfMQTT.1.19.0
2025-04-28 11:40:45,141 [WARN] PackLoader:240 - Cannot read IP mode file for WES.I-CUBE-Cesium.1.3.0
2025-04-28 11:40:45,156 [WARN] PackLoader:240 - Cannot read IP mode file for STMicroelectronics.X-CUBE-BLE2.3.3.0
2025-04-28 11:40:45,174 [WARN] PackLoader:240 - Cannot read IP mode file for STMicroelectronics.X-CUBE-NFC9.1.0.0
2025-04-28 11:40:45,189 [WARN] PackLoader:240 - Cannot read IP mode file for STMicroelectronics.X-CUBE-BLE1.7.1.0
2025-04-28 11:40:45,200 [WARN] PackLoader:240 - Cannot read IP mode file for wolfSSL.I-CUBE-wolfMQTT.1.19.2
2025-04-28 11:40:45,315 [WARN] PackLoader:240 - Cannot read IP mode file for STMicroelectronics.X-CUBE-MEMS1.11.2.0
2025-04-28 11:40:45,596 [WARN] PackLoader:240 - Cannot read IP mode file for STMicroelectronics.X-CUBE-AZRTOS-G0.1.1.0
2025-04-28 11:40:45,616 [WARN] PackLoader:240 - Cannot read IP mode file for STMicroelectronics.X-CUBE-SAFEA1.1.2.2
2025-04-28 11:40:45,632 [WARN] PackLoader:240 - Cannot read IP mode file for STMicroelectronics.X-CUBE-NFC4.3.0.0
2025-04-28 11:40:45,653 [WARN] PackLoader:240 - Cannot read IP mode file for EmbeddedOffice.I-CUBE-FS-RTOS.1.0.1
2025-04-28 11:40:45,672 [WARN] PackLoader:240 - Cannot read IP mode file for STMicroelectronics.X-CUBE-WB05N.2.0.0
2025-04-28 11:40:45,685 [WARN] PackLoader:240 - Cannot read IP mode file for wolfSSL.I-CUBE-wolfTPM.3.8.0
2025-04-28 11:40:45,701 [WARN] PackLoader:240 - Cannot read IP mode file for STMicroelectronics.X-CUBE-TCPP.4.2.0
2025-04-28 11:40:45,717 [WARN] PackLoader:240 - Cannot read IP mode file for RealThread.X-CUBE-RT-Thread_Nano.4.1.1
2025-04-28 11:40:45,729 [WARN] PackLoader:240 - Cannot read IP mode file for STMicroelectronics.FP-ATR-SIGFOX1.3.2.0
2025-04-28 11:40:45,739 [WARN] ConditionMgr:438 - getConditionDescription Invalid condition id : Cortex-A Device cause : null
2025-04-28 11:40:45,749 [WARN] ConditionMgr:1044 - genDependencies : Invalid condition id : Cortex-A Device cause : null
2025-04-28 11:40:45,749 [WARN] ConditionMgr:1044 - genDependencies : Invalid condition id : Cortex-A Device cause : null
2025-04-28 11:40:45,749 [WARN] ConditionMgr:1044 - genDependencies : Invalid condition id : Cortex-A Device cause : null
2025-04-28 11:40:45,771 [WARN] PackLoader:240 - Cannot read IP mode file for STMicroelectronics.X-CUBE-EEPRMA1.5.1.0
2025-04-28 11:40:45,792 [WARN] PackLoader:240 - Cannot read IP mode file for wolfSSL.I-CUBE-wolfSSL.5.7.4
2025-04-28 11:40:45,808 [WARN] PackLoader:240 - Cannot read IP mode file for wolfSSL.I-CUBE-wolfSSL.5.7.6
2025-04-28 11:40:45,828 [WARN] PackLoader:240 - Cannot read IP mode file for ITTIA_DB.I-CUBE-ITTIADB.8.9.0
2025-04-28 11:40:45,880 [WARN] PackLoader:240 - Cannot read IP mode file for SEGGER.I-CUBE-embOS.1.3.1
2025-04-28 11:40:45,977 [WARN] PackLoader:240 - Cannot read IP mode file for STMicroelectronics.X-CUBE-ALGOBUILD.1.4.0
2025-04-28 11:40:45,992 [WARN] PackLoader:240 - Cannot read IP mode file for STMicroelectronics.X-CUBE-AI.9.1.0
2025-04-28 11:40:46,069 [WARN] PackLoader:240 - Cannot read IP mode file for STMicroelectronics.X-CUBE-AZRTOS-F4.1.1.0
2025-04-28 11:40:46,089 [WARN] PackLoader:240 - Cannot read IP mode file for Avnet-IotConnect.X-CUBE-IoTC-DA16k-PMOD.1.0.0
2025-04-28 11:40:46,106 [WARN] PackLoader:240 - Cannot read IP mode file for STMicroelectronics.X-CUBE-ISPU.2.1.0
2025-04-28 11:40:46,162 [WARN] PackLoader:240 - Cannot read IP mode file for STMicroelectronics.X-CUBE-AZRTOS-L5.2.0.0
2025-04-28 11:40:46,195 [WARN] PackLoader:240 - Cannot read IP mode file for STMicroelectronics.X-CUBE-NFC6.3.1.0
2025-04-28 11:40:46,217 [WARN] PackLoader:240 - Cannot read IP mode file for STMicroelectronics.X-CUBE-DPower.1.2.0
2025-04-28 11:40:46,235 [WARN] PackLoader:240 - Cannot read IP mode file for STMicroelectronics.X-CUBE-FREERTOS.1.3.0
2025-04-28 11:40:46,256 [WARN] PackLoader:240 - Cannot read IP mode file for STMicroelectronics.X-CUBE-NFC7.1.0.1
2025-04-28 11:40:46,281 [WARN] PackLoader:240 - Cannot read IP mode file for STMicroelectronics.X-CUBE-DPower.1.3.0
2025-04-28 11:40:46,338 [WARN] ConditionMgr:438 - getConditionDescription Invalid condition id : LAN8742 Phy interface Condition cause : null
2025-04-28 11:40:46,339 [WARN] PackLoader:240 - Cannot read IP mode file for STMicroelectronics.X-CUBE-AZRTOS-L4.2.0.0
2025-04-28 11:40:46,342 [WARN] ConditionMgr:1044 - genDependencies : Invalid condition id : LAN8742 Phy interface Condition cause : null
2025-04-28 11:40:46,342 [WARN] ConditionMgr:1044 - genDependencies : Invalid condition id : LAN8742 Phy interface Condition cause : null
2025-04-28 11:40:46,343 [WARN] ConditionMgr:1044 - genDependencies : Invalid condition id : LAN8742 Phy interface Condition cause : null
2025-04-28 11:40:46,372 [WARN] PackLoader:240 - Cannot read IP mode file for STMicroelectronics.X-CUBE-SFXS2LP1.4.0.0
2025-04-28 11:40:46,440 [WARN] PackLoader:240 - Cannot read IP mode file for STMicroelectronics.X-CUBE-AZRTOS-H7.3.3.0
2025-04-28 11:40:46,511 [WARN] ConditionMgr:438 - getConditionDescription Invalid condition id : UX DEVICE CLASS RTOS Condition cause : null
2025-04-28 11:40:46,512 [WARN] ConditionMgr:438 - getConditionDescription Invalid condition id : UX DEVICE CLASS RTOS Condition cause : null
2025-04-28 11:40:46,516 [WARN] PackLoader:240 - Cannot read IP mode file for STMicroelectronics.X-CUBE-AZRTOS-WB.2.0.0
2025-04-28 11:40:46,517 [WARN] ConditionMgr:1044 - genDependencies : Invalid condition id : UX DEVICE CLASS RTOS Condition cause : null
2025-04-28 11:40:46,517 [WARN] ConditionMgr:1044 - genDependencies : Invalid condition id : UX DEVICE CLASS RTOS Condition cause : null
2025-04-28 11:40:46,518 [WARN] ConditionMgr:1044 - genDependencies : Invalid condition id : UX DEVICE CLASS RTOS Condition cause : null
2025-04-28 11:40:46,519 [WARN] ConditionMgr:1044 - genDependencies : Invalid condition id : UX DEVICE CLASS RTOS Condition cause : null
2025-04-28 11:40:46,519 [WARN] ConditionMgr:1044 - genDependencies : Invalid condition id : UX DEVICE CLASS RTOS Condition cause : null
2025-04-28 11:40:46,544 [WARN] PackLoader:240 - Cannot read IP mode file for STMicroelectronics.X-CUBE-GNSS1.7.0.1
2025-04-28 11:40:46,565 [WARN] PackLoader:240 - Cannot read IP mode file for STMicroelectronics.X-CUBE-TOUCHGFX.4.25.0
2025-04-28 11:40:46,589 [WARN] PackLoader:240 - Cannot read IP mode file for STMicroelectronics.FP-SNS-STBOX1.2.0.0
2025-04-28 11:40:46,629 [WARN] PackLoader:240 - Cannot read IP mode file for STMicroelectronics.X-CUBE-SUBG2.5.0.0
2025-04-28 11:40:46,703 [WARN] PackLoader:240 - Cannot read IP mode file for STMicroelectronics.X-CUBE-AZRTOS-H7RS.1.1.0
2025-04-28 11:40:46,720 [WARN] PackLoader:240 - Cannot read IP mode file for Cesanta.I-CUBE-Mongoose.7.13.0
2025-04-28 11:40:46,764 [WARN] PackLoader:240 - Cannot read IP mode file for STMicroelectronics.X-CUBE-AZRTOS-G4.2.0.0
2025-04-28 11:40:46,778 [WARN] PackLoader:240 - Cannot read IP mode file for wolfSSL.I-CUBE-wolfSSH.1.4.20
2025-04-28 11:40:46,805 [WARN] PackLoader:240 - Cannot read IP mode file for STMicroelectronics.X-CUBE-IPS.3.1.0
2025-04-28 11:40:46,840 [WARN] PackLoader:240 - Cannot read IP mode file for STMicroelectronics.X-CUBE-ALS.1.0.2
2025-04-28 11:40:46,854 [WARN] PackLoader:240 - Cannot read IP mode file for STMicroelectronics.X-CUBE-TOUCHGFX.4.24.2
2025-04-28 11:40:46,867 [WARN] PackLoader:240 - Cannot read IP mode file for wolfSSL.I-CUBE-wolfTPM.3.4.0
2025-04-28 11:40:46,890 [WARN] PackLoader:240 - Cannot read IP mode file for portGmbH.I-Cube-SoM-uGOAL.1.1.0
2025-04-28 11:40:46,934 [WARN] PackLoader:240 - Cannot read IP mode file for STMicroelectronics.X-CUBE-AZRTOS-H7RS.1.0.0
2025-04-28 11:40:46,973 [WARN] PackLoader:240 - Cannot read IP mode file for STMicroelectronics.X-CUBE-TOF1.3.4.2
2025-04-28 11:40:47,011 [WARN] PackLoader:240 - Cannot read IP mode file for STMicroelectronics.X-CUBE-TOF1.3.4.3
2025-04-28 11:40:47,037 [WARN] PackLoader:240 - Cannot read IP mode file for wolfSSL.I-CUBE-wolfSSH.1.4.17
2025-04-28 11:40:47,039 [INFO] ThirdParty:978 - Integrity check success = true
2025-04-28 11:40:47,039 [INFO] IntegrityCheckThread:100 - exiting critical section [integrity check]
2025-04-28 11:40:47,039 [INFO] IntegrityCheckThread:103 - End integrity checks thread
2025-04-28 13:46:29,286 [ERROR] LogOutputStream:75 - [STDERR_REDIRECT] 
